<?xml version="1.0" encoding="UTF-8"?>
<!-- Generated by org.testng.reporters.JUnitReportReporter -->
<testsuite hostname="DESKTOP-RARCBNQ" failures="0" tests="10" name="com.juaracoding.projectJC.web_admin.step_definitions.TestRunnerSearchContact" time="327.613" errors="0" timestamp="2022-09-19T13:24:29 WIB" skipped="0">
  <testcase classname="com.juaracoding.projectJC.web_admin.step_definitions.TestRunnerSearchContact" name="runScenario" time="24.419"/>
  <system-out/>
  <testcase classname="com.juaracoding.projectJC.web_admin.step_definitions.TestRunnerSearchContact" name="runScenario" time="24.818"/>
  <system-out/>
  <testcase classname="com.juaracoding.projectJC.web_admin.step_definitions.TestRunnerSearchContact" name="runScenario" time="34.618"/>
  <system-out/>
  <testcase classname="com.juaracoding.projectJC.web_admin.step_definitions.TestRunnerSearchContact" name="runScenario" time="56.313"/>
  <system-out/>
  <testcase classname="com.juaracoding.projectJC.web_admin.step_definitions.TestRunnerSearchContact" name="runScenario" time="31.345"/>
  <system-out/>
  <testcase classname="com.juaracoding.projectJC.web_admin.step_definitions.TestRunnerSearchContact" name="runScenario" time="30.793"/>
  <system-out/>
  <testcase classname="com.juaracoding.projectJC.web_admin.step_definitions.TestRunnerSearchContact" name="runScenario" time="32.692"/>
  <system-out/>
  <testcase classname="com.juaracoding.projectJC.web_admin.step_definitions.TestRunnerSearchContact" name="runScenario" time="30.657"/>
  <system-out/>
  <testcase classname="com.juaracoding.projectJC.web_admin.step_definitions.TestRunnerSearchContact" name="runScenario" time="30.869"/>
  <system-out/>
  <testcase classname="com.juaracoding.projectJC.web_admin.step_definitions.TestRunnerSearchContact" name="runScenario" time="31.089"/>
  <system-out/>
</testsuite> <!-- com.juaracoding.projectJC.web_admin.step_definitions.TestRunnerSearchContact -->
