<?xml version="1.0" encoding="UTF-8"?>
<!-- Generated by org.testng.reporters.JUnitReportReporter -->
<testsuite hostname="DESKTOP-RARCBNQ" failures="0" tests="1" name="com.juaracoding.projectJC.web_admin.step_definitions.TestRunner" time="69.487" errors="0" timestamp="2022-09-14T21:39:41 WIB" skipped="0">
  <testcase classname="com.juaracoding.projectJC.web_admin.step_definitions.TestRunner" name="runScenario" time="69.487"/>
  <system-out/>
</testsuite> <!-- com.juaracoding.projectJC.web_admin.step_definitions.TestRunner -->
