<?xml version="1.0" encoding="UTF-8"?>
<!-- Generated by org.testng.reporters.JUnitReportReporter -->
<testsuite hostname="DESKTOP-RARCBNQ" failures="0" tests="10" name="com.juaracoding.projectJC.web_admin.step_definitions.TestRunnerSearchContact" time="335.876" errors="0" timestamp="2022-09-19T14:51:46 WIB" skipped="0">
  <testcase classname="com.juaracoding.projectJC.web_admin.step_definitions.TestRunnerSearchContact" name="runScenario" time="24.998"/>
  <system-out/>
  <testcase classname="com.juaracoding.projectJC.web_admin.step_definitions.TestRunnerSearchContact" name="runScenario" time="30.862"/>
  <system-out/>
  <testcase classname="com.juaracoding.projectJC.web_admin.step_definitions.TestRunnerSearchContact" name="runScenario" time="32.011"/>
  <system-out/>
  <testcase classname="com.juaracoding.projectJC.web_admin.step_definitions.TestRunnerSearchContact" name="runScenario" time="33.085"/>
  <system-out/>
  <testcase classname="com.juaracoding.projectJC.web_admin.step_definitions.TestRunnerSearchContact" name="runScenario" time="67.858"/>
  <system-out/>
  <testcase classname="com.juaracoding.projectJC.web_admin.step_definitions.TestRunnerSearchContact" name="runScenario" time="30.683"/>
  <system-out/>
  <testcase classname="com.juaracoding.projectJC.web_admin.step_definitions.TestRunnerSearchContact" name="runScenario" time="31.965"/>
  <system-out/>
  <testcase classname="com.juaracoding.projectJC.web_admin.step_definitions.TestRunnerSearchContact" name="runScenario" time="30.550"/>
  <system-out/>
  <testcase classname="com.juaracoding.projectJC.web_admin.step_definitions.TestRunnerSearchContact" name="runScenario" time="23.011"/>
  <system-out/>
  <testcase classname="com.juaracoding.projectJC.web_admin.step_definitions.TestRunnerSearchContact" name="runScenario" time="30.853"/>
  <system-out/>
</testsuite> <!-- com.juaracoding.projectJC.web_admin.step_definitions.TestRunnerSearchContact -->
