<?xml version="1.0" encoding="UTF-8"?>
<!-- Generated by org.testng.reporters.JUnitReportReporter -->
<testsuite hostname="DESKTOP-R3P24O8" failures="0" tests="5" name="com.juaracoding.projectJC.ModulLogin.TestRunner" time="18.965" errors="0" timestamp="2022-09-16T01:58:29 WIB" skipped="0">
  <testcase classname="com.juaracoding.projectJC.ModulLogin.TestRunner" name="runScenario" time="5.326"/>
  <system-out/>
  <testcase classname="com.juaracoding.projectJC.ModulLogin.TestRunner" name="runScenario" time="3.388"/>
  <system-out/>
  <testcase classname="com.juaracoding.projectJC.ModulLogin.TestRunner" name="runScenario" time="2.424"/>
  <system-out/>
  <testcase classname="com.juaracoding.projectJC.ModulLogin.TestRunner" name="runScenario" time="5.411"/>
  <system-out/>
  <testcase classname="com.juaracoding.projectJC.ModulLogin.TestRunner" name="runScenario" time="2.416"/>
  <system-out/>
</testsuite> <!-- com.juaracoding.projectJC.ModulLogin.TestRunner -->
