<?xml version="1.0" encoding="UTF-8"?>
<!-- Generated by org.testng.reporters.JUnitReportReporter -->
<testsuite hostname="DESKTOP-5JFS7KH" failures="0" tests="3" name="com.juaracoding.projectJC.About.TestRunner" time="37.542" errors="0" timestamp="2022-09-13T18:06:10 WIB" skipped="0">
  <testcase classname="com.juaracoding.projectJC.About.TestRunner" name="runScenario" time="9.190"/>
  <system-out/>
  <testcase classname="com.juaracoding.projectJC.About.TestRunner" name="runScenario" time="9.031"/>
  <system-out/>
  <testcase classname="com.juaracoding.projectJC.About.TestRunner" name="runScenario" time="19.321"/>
  <system-out/>
</testsuite> <!-- com.juaracoding.projectJC.About.TestRunner -->
