<?xml version="1.0" encoding="UTF-8"?>
<!-- Generated by org.testng.reporters.JUnitReportReporter -->
<testsuite hostname="RendyNurhuda" failures="0" tests="5" name="com.juaracoding.projectJC.Benefit.TestRunner" time="28.922" errors="0" timestamp="2022-09-19T15:48:24 WIB" skipped="0">
  <testcase classname="com.juaracoding.projectJC.Benefit.TestRunner" name="runScenario" time="11.788"/>
  <system-out/>
  <testcase classname="com.juaracoding.projectJC.Benefit.TestRunner" name="runScenario" time="5.588"/>
  <system-out/>
  <testcase classname="com.juaracoding.projectJC.Benefit.TestRunner" name="runScenario" time="3.191"/>
  <system-out/>
  <testcase classname="com.juaracoding.projectJC.Benefit.TestRunner" name="runScenario" time="3.256"/>
  <system-out/>
  <testcase classname="com.juaracoding.projectJC.Benefit.TestRunner" name="runScenario" time="5.099"/>
  <system-out/>
</testsuite> <!-- com.juaracoding.projectJC.Benefit.TestRunner -->
