<?xml version="1.0" encoding="UTF-8"?>
<!-- Generated by org.testng.reporters.JUnitReportReporter -->
<testsuite hostname="DESKTOP-RARCBNQ" failures="0" tests="1" name="com.juaracoding.projectJC.web_admin.step_view_data.TestRunnerDetailData" time="180.975" errors="0" timestamp="2022-09-19T14:59:49 WIB" skipped="0">
  <testcase classname="com.juaracoding.projectJC.web_admin.step_view_data.TestRunnerDetailData" name="runScenario" time="180.975"/>
  <system-out/>
</testsuite> <!-- com.juaracoding.projectJC.web_admin.step_view_data.TestRunnerDetailData -->
