<?xml version="1.0" encoding="UTF-8"?>
<!-- Generated by org.testng.reporters.JUnitReportReporter -->
<testsuite hostname="DESKTOP-5JFS7KH" failures="0" tests="4" name="com.juaracoding.projectJC.About.TestRunner" time="25.335" errors="0" timestamp="2022-09-12T18:07:17 WIB" skipped="0">
  <testcase classname="com.juaracoding.projectJC.About.TestRunner" name="runScenario" time="3.294"/>
  <system-out/>
  <testcase classname="com.juaracoding.projectJC.About.TestRunner" name="runScenario" time="10.499"/>
  <system-out/>
  <testcase classname="com.juaracoding.projectJC.About.TestRunner" name="runScenario" time="10.062"/>
  <system-out/>
  <testcase classname="com.juaracoding.projectJC.About.TestRunner" name="runScenario" time="1.480"/>
  <system-out/>
</testsuite> <!-- com.juaracoding.projectJC.About.TestRunner -->
