<?xml version="1.0" encoding="UTF-8"?>
<!-- Generated by org.testng.reporters.JUnitReportReporter -->
<testsuite hostname="DESKTOP-RARCBNQ" failures="0" tests="1" name="com.juaracoding.projectJC.web_tamu.modul_contact_message.TestRunnerContact" time="97.912" errors="0" timestamp="2022-09-19T21:27:58 WIB" skipped="0">
  <testcase classname="com.juaracoding.projectJC.web_tamu.modul_contact_message.TestRunnerContact" name="runScenario" time="97.912"/>
  <system-out/>
</testsuite> <!-- com.juaracoding.projectJC.web_tamu.modul_contact_message.TestRunnerContact -->
