<?xml version="1.0" encoding="UTF-8"?>
<!-- Generated by org.testng.reporters.JUnitReportReporter -->
<testsuite hostname="DESKTOP-R3P24O8" failures="0" tests="6" name="com.juaracoding.projectJC.ModulLogin.TestRunner" time="27.151" errors="0" timestamp="2022-09-19T20:36:36 WIB" skipped="0">
  <testcase classname="com.juaracoding.projectJC.ModulLogin.TestRunner" name="runScenario" time="5.911"/>
  <system-out/>
  <testcase classname="com.juaracoding.projectJC.ModulLogin.TestRunner" name="runScenario" time="3.421"/>
  <system-out/>
  <testcase classname="com.juaracoding.projectJC.ModulLogin.TestRunner" name="runScenario" time="8.597"/>
  <system-out/>
  <testcase classname="com.juaracoding.projectJC.ModulLogin.TestRunner" name="runScenario" time="2.820"/>
  <system-out/>
  <testcase classname="com.juaracoding.projectJC.ModulLogin.TestRunner" name="runScenario" time="3.691"/>
  <system-out/>
  <testcase classname="com.juaracoding.projectJC.ModulLogin.TestRunner" name="runScenario" time="2.711"/>
  <system-out/>
</testsuite> <!-- com.juaracoding.projectJC.ModulLogin.TestRunner -->
