<?xml version="1.0" encoding="UTF-8"?>
<!-- Generated by org.testng.reporters.JUnitReportReporter -->
<testsuite hostname="DESKTOP-RARCBNQ" failures="0" tests="1" name="com.juaracoding.projectJC.web_tamu.modul_contact_message.TestRunnerContact" time="88.185" errors="0" timestamp="2022-09-17T19:19:24 WIB" skipped="0">
  <testcase classname="com.juaracoding.projectJC.web_tamu.modul_contact_message.TestRunnerContact" name="runScenario" time="88.185"/>
  <system-out/>
</testsuite> <!-- com.juaracoding.projectJC.web_tamu.modul_contact_message.TestRunnerContact -->
