<?xml version="1.0" encoding="UTF-8"?>
<!-- Generated by org.testng.reporters.JUnitReportReporter -->
<testsuite hostname="DESKTOP-RARCBNQ" failures="0" tests="1" name="com.juaracoding.projectJC.web_admin.step_definitions.TestRunner" time="44.089" errors="0" timestamp="2022-09-16T18:52:08 WIB" skipped="0">
  <testcase classname="com.juaracoding.projectJC.web_admin.step_definitions.TestRunner" name="runScenario" time="44.089"/>
  <system-out/>
</testsuite> <!-- com.juaracoding.projectJC.web_admin.step_definitions.TestRunner -->
