<?xml version="1.0" encoding="UTF-8"?>
<!-- Generated by org.testng.reporters.JUnitReportReporter -->
<testsuite hostname="DESKTOP-RARCBNQ" failures="0" tests="10" name="com.juaracoding.projectJC.web_admin.step_definitions.TestRunnerSearchContact" time="558.655" errors="0" timestamp="2022-09-18T00:14:34 WIB" skipped="0">
  <testcase classname="com.juaracoding.projectJC.web_admin.step_definitions.TestRunnerSearchContact" name="runScenario" time="31.533"/>
  <system-out/>
  <testcase classname="com.juaracoding.projectJC.web_admin.step_definitions.TestRunnerSearchContact" name="runScenario" time="33.037"/>
  <system-out/>
  <testcase classname="com.juaracoding.projectJC.web_admin.step_definitions.TestRunnerSearchContact" name="runScenario" time="35.343"/>
  <system-out/>
  <testcase classname="com.juaracoding.projectJC.web_admin.step_definitions.TestRunnerSearchContact" name="runScenario" time="33.121"/>
  <system-out/>
  <testcase classname="com.juaracoding.projectJC.web_admin.step_definitions.TestRunnerSearchContact" name="runScenario" time="277.414"/>
  <system-out/>
  <testcase classname="com.juaracoding.projectJC.web_admin.step_definitions.TestRunnerSearchContact" name="runScenario" time="28.178"/>
  <system-out/>
  <testcase classname="com.juaracoding.projectJC.web_admin.step_definitions.TestRunnerSearchContact" name="runScenario" time="34.818"/>
  <system-out/>
  <testcase classname="com.juaracoding.projectJC.web_admin.step_definitions.TestRunnerSearchContact" name="runScenario" time="27.936"/>
  <system-out/>
  <testcase classname="com.juaracoding.projectJC.web_admin.step_definitions.TestRunnerSearchContact" name="runScenario" time="29.169"/>
  <system-out/>
  <testcase classname="com.juaracoding.projectJC.web_admin.step_definitions.TestRunnerSearchContact" name="runScenario" time="28.106"/>
  <system-out/>
</testsuite> <!-- com.juaracoding.projectJC.web_admin.step_definitions.TestRunnerSearchContact -->
