<?xml version="1.0" encoding="UTF-8"?>
<!-- Generated by org.testng.reporters.JUnitReportReporter -->
<testsuite hostname="DESKTOP-R3P24O8" failures="0" tests="1" name="com.juaracoding.projectJC.step_definitions.TestRunner" time="10.521" errors="0" timestamp="2022-09-10T14:37:52 WIB" skipped="0">
  <testcase classname="com.juaracoding.projectJC.step_definitions.TestRunner" name="runScenario" time="10.521"/>
  <system-out/>
</testsuite> <!-- com.juaracoding.projectJC.step_definitions.TestRunner -->
