<?xml version="1.0" encoding="UTF-8"?>
<!-- Generated by org.testng.reporters.JUnitReportReporter -->
<testsuite hostname="DESKTOP-RARCBNQ" failures="0" tests="10" name="com.juaracoding.projectJC.web_tamu.modul_contact_message_negative.TestRunnerContactNegative" time="870.386" errors="0" timestamp="2022-09-17T22:21:50 WIB" skipped="0">
  <testcase classname="com.juaracoding.projectJC.web_tamu.modul_contact_message_negative.TestRunnerContactNegative" name="runScenario" time="56.844"/>
  <system-out/>
  <testcase classname="com.juaracoding.projectJC.web_tamu.modul_contact_message_negative.TestRunnerContactNegative" name="runScenario" time="81.695"/>
  <system-out/>
  <testcase classname="com.juaracoding.projectJC.web_tamu.modul_contact_message_negative.TestRunnerContactNegative" name="runScenario" time="86.223"/>
  <system-out/>
  <testcase classname="com.juaracoding.projectJC.web_tamu.modul_contact_message_negative.TestRunnerContactNegative" name="runScenario" time="48.252"/>
  <system-out/>
  <testcase classname="com.juaracoding.projectJC.web_tamu.modul_contact_message_negative.TestRunnerContactNegative" name="runScenario" time="55.951"/>
  <system-out/>
  <testcase classname="com.juaracoding.projectJC.web_tamu.modul_contact_message_negative.TestRunnerContactNegative" name="runScenario" time="49.138"/>
  <system-out/>
  <testcase classname="com.juaracoding.projectJC.web_tamu.modul_contact_message_negative.TestRunnerContactNegative" name="runScenario" time="51.345"/>
  <system-out/>
  <testcase classname="com.juaracoding.projectJC.web_tamu.modul_contact_message_negative.TestRunnerContactNegative" name="runScenario" time="48.050"/>
  <system-out/>
  <testcase classname="com.juaracoding.projectJC.web_tamu.modul_contact_message_negative.TestRunnerContactNegative" name="runScenario" time="228.617"/>
  <system-out/>
  <testcase classname="com.juaracoding.projectJC.web_tamu.modul_contact_message_negative.TestRunnerContactNegative" name="runScenario" time="164.271"/>
  <system-out/>
</testsuite> <!-- com.juaracoding.projectJC.web_tamu.modul_contact_message_negative.TestRunnerContactNegative -->
