<?xml version="1.0" encoding="UTF-8"?>
<!-- Generated by org.testng.reporters.JUnitReportReporter -->
<testsuite hostname="RendyNurhuda" failures="0" tests="7" name="com.juaracoding.projectJC.Benefit.TestRunner" time="40.667" errors="0" timestamp="2022-09-19T21:19:30 WIB" skipped="0">
  <testcase classname="com.juaracoding.projectJC.Benefit.TestRunner" name="runScenario" time="2.847"/>
  <system-out/>
  <testcase classname="com.juaracoding.projectJC.Benefit.TestRunner" name="runScenario" time="4.036"/>
  <system-out/>
  <testcase classname="com.juaracoding.projectJC.Benefit.TestRunner" name="runScenario" time="6.635"/>
  <system-out/>
  <testcase classname="com.juaracoding.projectJC.Benefit.TestRunner" name="runScenario" time="9.675"/>
  <system-out/>
  <testcase classname="com.juaracoding.projectJC.Benefit.TestRunner" name="runScenario" time="9.022"/>
  <system-out/>
  <testcase classname="com.juaracoding.projectJC.Benefit.TestRunner" name="runScenario" time="5.329"/>
  <system-out/>
  <testcase classname="com.juaracoding.projectJC.Benefit.TestRunner" name="runScenario" time="3.123"/>
  <system-out/>
</testsuite> <!-- com.juaracoding.projectJC.Benefit.TestRunner -->
