<?xml version="1.0" encoding="UTF-8"?>
<!-- Generated by org.testng.reporters.JUnitReportReporter -->
<testsuite hostname="LAPTOP-OP0I6H03" failures="0" tests="4" name="com.juaracoding.projectJC.Rincianbiaya.TestRunner" time="7.013" errors="3" timestamp="2022-09-16T01:51:19 WIB" skipped="0">
  <testcase classname="com.juaracoding.projectJC.Rincianbiaya.TestRunner" name="runScenario" time="0.199">
    <error message="Index 1 out of bounds for length 1" type="java.lang.ArrayIndexOutOfBoundsException">
      <![CDATA[java.lang.ArrayIndexOutOfBoundsException: Index 1 out of bounds for length 1
at com.juaracoding.projectJC.Rincianbiaya.Hooks.setup(Hooks.java:34)
]]>
    </error>
  </testcase> <!-- runScenario -->
  <system-out/>
  <testcase classname="com.juaracoding.projectJC.Rincianbiaya.TestRunner" name="runScenario" time="0.091">
    <error message="Index 1 out of bounds for length 1" type="java.lang.ArrayIndexOutOfBoundsException">
      <![CDATA[java.lang.ArrayIndexOutOfBoundsException: Index 1 out of bounds for length 1
at com.juaracoding.projectJC.Rincianbiaya.Hooks.setup(Hooks.java:34)
]]>
    </error>
  </testcase> <!-- runScenario -->
  <system-out/>
  <testcase classname="com.juaracoding.projectJC.Rincianbiaya.TestRunner" name="runScenario" time="6.644"/>
  <system-out/>
  <testcase classname="com.juaracoding.projectJC.Rincianbiaya.TestRunner" name="runScenario" time="0.079">
    <error message="Index 1 out of bounds for length 1" type="java.lang.ArrayIndexOutOfBoundsException">
      <![CDATA[java.lang.ArrayIndexOutOfBoundsException: Index 1 out of bounds for length 1
at com.juaracoding.projectJC.Rincianbiaya.Hooks.setup(Hooks.java:34)
]]>
    </error>
  </testcase> <!-- runScenario -->
  <system-out/>
</testsuite> <!-- com.juaracoding.projectJC.Rincianbiaya.TestRunner -->
