<?xml version="1.0" encoding="UTF-8"?>
<!-- Generated by org.testng.reporters.JUnitReportReporter -->
<testsuite hostname="RendyNurhuda" failures="0" tests="7" name="com.juaracoding.projectJC.Benefit.TestRunner" time="42.335" errors="0" timestamp="2022-09-19T22:11:43 WIB" skipped="0">
  <testcase classname="com.juaracoding.projectJC.Benefit.TestRunner" name="runScenario" time="3.217"/>
  <system-out/>
  <testcase classname="com.juaracoding.projectJC.Benefit.TestRunner" name="runScenario" time="14.128"/>
  <system-out/>
  <testcase classname="com.juaracoding.projectJC.Benefit.TestRunner" name="runScenario" time="3.104"/>
  <system-out/>
  <testcase classname="com.juaracoding.projectJC.Benefit.TestRunner" name="runScenario" time="9.768"/>
  <system-out/>
  <testcase classname="com.juaracoding.projectJC.Benefit.TestRunner" name="runScenario" time="3.242"/>
  <system-out/>
  <testcase classname="com.juaracoding.projectJC.Benefit.TestRunner" name="runScenario" time="4.335"/>
  <system-out/>
  <testcase classname="com.juaracoding.projectJC.Benefit.TestRunner" name="runScenario" time="4.541"/>
  <system-out/>
</testsuite> <!-- com.juaracoding.projectJC.Benefit.TestRunner -->
