<?xml version="1.0" encoding="UTF-8"?>
<!-- Generated by org.testng.reporters.JUnitReportReporter -->
<testsuite hostname="DESKTOP-R3P24O8" failures="0" tests="5" name="com.juaracoding.projectJC.step_definitions.TestRunner" time="26.250" errors="0" timestamp="2022-09-12T18:11:54 WIB" skipped="0">
  <testcase classname="com.juaracoding.projectJC.step_definitions.TestRunner" name="runScenario" time="2.661"/>
  <system-out/>
  <testcase classname="com.juaracoding.projectJC.step_definitions.TestRunner" name="runScenario" time="3.436"/>
  <system-out/>
  <testcase classname="com.juaracoding.projectJC.step_definitions.TestRunner" name="runScenario" time="10.954"/>
  <system-out/>
  <testcase classname="com.juaracoding.projectJC.step_definitions.TestRunner" name="runScenario" time="2.536"/>
  <system-out/>
  <testcase classname="com.juaracoding.projectJC.step_definitions.TestRunner" name="runScenario" time="6.663"/>
  <system-out/>
</testsuite> <!-- com.juaracoding.projectJC.step_definitions.TestRunner -->
