<?xml version="1.0" encoding="UTF-8"?>
<!-- Generated by org.testng.reporters.JUnitReportReporter -->
<testsuite hostname="DESKTOP-5JFS7KH" failures="0" tests="4" name="com.juaracoding.projectJC.Testimonial.TestRunner" time="18.763" errors="0" timestamp="2022-09-12T14:44:59 WIB" skipped="0">
  <testcase classname="com.juaracoding.projectJC.Testimonial.TestRunner" name="runScenario" time="6.310"/>
  <system-out/>
  <testcase classname="com.juaracoding.projectJC.Testimonial.TestRunner" name="runScenario" time="6.390"/>
  <system-out/>
  <testcase classname="com.juaracoding.projectJC.Testimonial.TestRunner" name="runScenario" time="3.580"/>
  <system-out/>
  <testcase classname="com.juaracoding.projectJC.Testimonial.TestRunner" name="runScenario" time="2.483"/>
  <system-out/>
</testsuite> <!-- com.juaracoding.projectJC.Testimonial.TestRunner -->
