<?xml version="1.0" encoding="UTF-8"?>
<!-- Generated by org.testng.reporters.JUnitReportReporter -->
<testsuite hostname="LAPTOP-OP0I6H03" failures="0" tests="1" name="com.juaracoding.projectJC.step_definitions.TestRunner" time="10.339" errors="0" timestamp="2022-09-15T18:12:35 WIB" skipped="0">
  <testcase classname="com.juaracoding.projectJC.step_definitions.TestRunner" name="runScenario" time="10.339"/>
  <system-out/>
</testsuite> <!-- com.juaracoding.projectJC.step_definitions.TestRunner -->
