<?xml version="1.0" encoding="UTF-8"?>
<!-- Generated by org.testng.reporters.JUnitReportReporter -->
<testsuite hostname="DESKTOP-5JFS7KH" failures="0" tests="9" name="com.juaracoding.projectJC.About.TestRunner" time="170.327" errors="0" timestamp="2022-09-15T22:34:36 WIB" skipped="0">
  <testcase classname="com.juaracoding.projectJC.About.TestRunner" name="runScenario" time="55.293"/>
  <system-out/>
  <testcase classname="com.juaracoding.projectJC.About.TestRunner" name="runScenario" time="15.369"/>
  <system-out/>
  <testcase classname="com.juaracoding.projectJC.About.TestRunner" name="runScenario" time="14.475"/>
  <system-out/>
  <testcase classname="com.juaracoding.projectJC.About.TestRunner" name="runScenario" time="18.161"/>
  <system-out/>
  <testcase classname="com.juaracoding.projectJC.About.TestRunner" name="runScenario" time="19.632"/>
  <system-out/>
  <testcase classname="com.juaracoding.projectJC.About.TestRunner" name="runScenario" time="15.487"/>
  <system-out/>
  <testcase classname="com.juaracoding.projectJC.About.TestRunner" name="runScenario" time="7.619"/>
  <system-out/>
  <testcase classname="com.juaracoding.projectJC.About.TestRunner" name="runScenario" time="11.920"/>
  <system-out/>
  <testcase classname="com.juaracoding.projectJC.About.TestRunner" name="runScenario" time="12.371"/>
  <system-out/>
</testsuite> <!-- com.juaracoding.projectJC.About.TestRunner -->
