<?xml version="1.0" encoding="UTF-8"?>
<!-- Generated by org.testng.reporters.JUnitReportReporter -->
<testsuite hostname="DESKTOP-RARCBNQ" failures="0" tests="10" name="com.juaracoding.projectJC.web_admin.step_definitions.TestRunnerSearchContact" time="318.859" errors="0" timestamp="2022-09-19T20:10:05 WIB" skipped="0">
  <testcase classname="com.juaracoding.projectJC.web_admin.step_definitions.TestRunnerSearchContact" name="runScenario" time="23.621"/>
  <system-out/>
  <testcase classname="com.juaracoding.projectJC.web_admin.step_definitions.TestRunnerSearchContact" name="runScenario" time="38.532"/>
  <system-out/>
  <testcase classname="com.juaracoding.projectJC.web_admin.step_definitions.TestRunnerSearchContact" name="runScenario" time="31.181"/>
  <system-out/>
  <testcase classname="com.juaracoding.projectJC.web_admin.step_definitions.TestRunnerSearchContact" name="runScenario" time="31.514"/>
  <system-out/>
  <testcase classname="com.juaracoding.projectJC.web_admin.step_definitions.TestRunnerSearchContact" name="runScenario" time="33.486"/>
  <system-out/>
  <testcase classname="com.juaracoding.projectJC.web_admin.step_definitions.TestRunnerSearchContact" name="runScenario" time="28.626"/>
  <system-out/>
  <testcase classname="com.juaracoding.projectJC.web_admin.step_definitions.TestRunnerSearchContact" name="runScenario" time="36.236"/>
  <system-out/>
  <testcase classname="com.juaracoding.projectJC.web_admin.step_definitions.TestRunnerSearchContact" name="runScenario" time="32.035"/>
  <system-out/>
  <testcase classname="com.juaracoding.projectJC.web_admin.step_definitions.TestRunnerSearchContact" name="runScenario" time="31.481"/>
  <system-out/>
  <testcase classname="com.juaracoding.projectJC.web_admin.step_definitions.TestRunnerSearchContact" name="runScenario" time="32.147"/>
  <system-out/>
</testsuite> <!-- com.juaracoding.projectJC.web_admin.step_definitions.TestRunnerSearchContact -->
