<?xml version="1.0" encoding="UTF-8"?>
<!-- Generated by org.testng.reporters.JUnitReportReporter -->
<testsuite hostname="DESKTOP-R3P24O8" failures="0" tests="5" name="com.juaracoding.projectJC.Login.TestRunner" time="19.366" errors="0" timestamp="2022-09-15T09:45:16 WIB" skipped="0">
  <testcase classname="com.juaracoding.projectJC.Login.TestRunner" name="runScenario" time="2.433"/>
  <system-out/>
  <testcase classname="com.juaracoding.projectJC.Login.TestRunner" name="runScenario" time="3.392"/>
  <system-out/>
  <testcase classname="com.juaracoding.projectJC.Login.TestRunner" name="runScenario" time="3.521"/>
  <system-out/>
  <testcase classname="com.juaracoding.projectJC.Login.TestRunner" name="runScenario" time="2.752"/>
  <system-out/>
  <testcase classname="com.juaracoding.projectJC.Login.TestRunner" name="runScenario" time="7.268"/>
  <system-out/>
</testsuite> <!-- com.juaracoding.projectJC.Login.TestRunner -->
